<?xml version="1.0" encoding="UTF-8"?>
<!-- Generated by org.testng.reporters.JUnitXMLReporter -->
<testsuite hostname="DESKTOP-AVA47U8" ignored="0" name="Command line test" tests="1" failures="0" timestamp="17 Dec 2019 01:31:21 GMT" time="0.042" errors="0">
  <testcase name="@BeforeMethod setUp" time="0.0" classname="base.Comman">
    <failure type="org.testng.TestNGException" message="
Parameter &amp;apos;mybrowser&amp;apos; is required by BeforeMethod on method setUp but has not been marked @Optional or defined
">
      <![CDATA[org.testng.TestNGException: 
Parameter 'mybrowser' is required by BeforeMethod on method setUp but has not been marked @Optional or defined

... Removed 34 stack frames]]>
    </failure>
  </testcase> <!-- @BeforeMethod setUp -->
  <testcase name="@AfterMethod afterMethod" time="0.0" classname="base.Comman">
    <skipped/>
  </testcase> <!-- @AfterMethod afterMethod -->
  <testcase name="search" time="0.0" classname="pagesTest.SearchPageTest">
    <skipped/>
  </testcase> <!-- search -->
</testsuite> <!-- Command line test -->
